Determining if the pthread_create exist failed with the following output:
Change Dir: /home/jose/Documents/6toSemestre/chrisAct1/src/chrisAct1/build/CMakeFiles/CMakeTmp

Run Build Command:"/usr/bin/make" "cmTC_c69bd/fast"
/usr/bin/make -f CMakeFiles/cmTC_c69bd.dir/build.make CMakeFiles/cmTC_c69bd.dir/build
make[1]: Entering directory '/home/jose/Documents/6toSemestre/chrisAct1/src/chrisAct1/build/CMakeFiles/CMakeTmp'
Building C object CMakeFiles/cmTC_c69bd.dir/CheckSymbolExists.c.o
/usr/bin/cc    -o CMakeFiles/cmTC_c69bd.dir/CheckSymbolExists.c.o   -c /home/jose/Documents/6toSemestre/chrisAct1/src/chrisAct1/build/CMakeFiles/CMakeTmp/CheckSymbolExists.c
Linking C executable cmTC_c69bd
/usr/bin/cmake -E cmake_link_script CMakeFiles/cmTC_c69bd.dir/link.txt --verbose=1
/usr/bin/cc      -rdynamic CMakeFiles/cmTC_c69bd.dir/CheckSymbolExists.c.o  -o cmTC_c69bd 
CMakeFiles/cmTC_c69bd.dir/CheckSymbolExists.c.o: In function `main':
CheckSymbolExists.c:(.text+0x1b): undefined reference to `pthread_create'
collect2: error: ld returned 1 exit status
CMakeFiles/cmTC_c69bd.dir/build.make:97: recipe for target 'cmTC_c69bd' failed
make[1]: *** [cmTC_c69bd] Error 1
make[1]: Leaving directory '/home/jose/Documents/6toSemestre/chrisAct1/src/chrisAct1/build/CMakeFiles/CMakeTmp'
Makefile:126: recipe for target 'cmTC_c69bd/fast' failed
make: *** [cmTC_c69bd/fast] Error 2

File /home/jose/Documents/6toSemestre/chrisAct1/src/chrisAct1/build/CMakeFiles/CMakeTmp/CheckSymbolExists.c:
/* */
#include <pthread.h>

int main(int argc, char** argv)
{
  (void)argv;
#ifndef pthread_create
  return ((int*)(&pthread_create))[argc];
#else
  (void)argc;
  return 0;
#endif
}

Determining if the function pthread_create exists in the pthreads failed with the following output:
Change Dir: /home/jose/Documents/6toSemestre/chrisAct1/src/chrisAct1/build/CMakeFiles/CMakeTmp

Run Build Command:"/usr/bin/make" "cmTC_f93e3/fast"
/usr/bin/make -f CMakeFiles/cmTC_f93e3.dir/build.make CMakeFiles/cmTC_f93e3.dir/build
make[1]: Entering directory '/home/jose/Documents/6toSemestre/chrisAct1/src/chrisAct1/build/CMakeFiles/CMakeTmp'
Building C object CMakeFiles/cmTC_f93e3.dir/CheckFunctionExists.c.o
/usr/bin/cc   -DCHECK_FUNCTION_EXISTS=pthread_create   -o CMakeFiles/cmTC_f93e3.dir/CheckFunctionExists.c.o   -c /usr/share/cmake-3.10/Modules/CheckFunctionExists.c
Linking C executable cmTC_f93e3
/usr/bin/cmake -E cmake_link_script CMakeFiles/cmTC_f93e3.dir/link.txt --verbose=1
/usr/bin/cc  -DCHECK_FUNCTION_EXISTS=pthread_create    -rdynamic CMakeFiles/cmTC_f93e3.dir/CheckFunctionExists.c.o  -o cmTC_f93e3 -lpthreads 
/usr/bin/ld: cannot find -lpthreads
collect2: error: ld returned 1 exit status
CMakeFiles/cmTC_f93e3.dir/build.make:97: recipe for target 'cmTC_f93e3' failed
make[1]: *** [cmTC_f93e3] Error 1
make[1]: Leaving directory '/home/jose/Documents/6toSemestre/chrisAct1/src/chrisAct1/build/CMakeFiles/CMakeTmp'
Makefile:126: recipe for target 'cmTC_f93e3/fast' failed
make: *** [cmTC_f93e3/fast] Error 2


